Determining if the pthread_create exist failed with the following output:
Change Dir: /home/nvidia/racecar-ws/build/CMakeFiles/CMakeTmp

Run Build Command:"/usr/bin/make" "cmTC_6182e/fast"
/usr/bin/make -f CMakeFiles/cmTC_6182e.dir/build.make CMakeFiles/cmTC_6182e.dir/build
make[1]: Entering directory '/home/nvidia/racecar-ws/build/CMakeFiles/CMakeTmp'
Building C object CMakeFiles/cmTC_6182e.dir/CheckSymbolExists.c.o
/usr/bin/cc     -o CMakeFiles/cmTC_6182e.dir/CheckSymbolExists.c.o   -c /home/nvidia/racecar-ws/build/CMakeFiles/CMakeTmp/CheckSymbolExists.c
Linking C executable cmTC_6182e
/usr/bin/cmake -E cmake_link_script CMakeFiles/cmTC_6182e.dir/link.txt --verbose=1
/usr/bin/cc       CMakeFiles/cmTC_6182e.dir/CheckSymbolExists.c.o  -o cmTC_6182e -rdynamic 
CMakeFiles/cmTC_6182e.dir/CheckSymbolExists.c.o: In function `main':
CheckSymbolExists.c:(.text+0x14): undefined reference to `pthread_create'
CheckSymbolExists.c:(.text+0x18): undefined reference to `pthread_create'
collect2: error: ld returned 1 exit status
CMakeFiles/cmTC_6182e.dir/build.make:97: recipe for target 'cmTC_6182e' failed
make[1]: *** [cmTC_6182e] Error 1
make[1]: Leaving directory '/home/nvidia/racecar-ws/build/CMakeFiles/CMakeTmp'
Makefile:126: recipe for target 'cmTC_6182e/fast' failed
make: *** [cmTC_6182e/fast] Error 2

File /home/nvidia/racecar-ws/build/CMakeFiles/CMakeTmp/CheckSymbolExists.c:
/* */
#include <pthread.h>

int main(int argc, char** argv)
{
  (void)argv;
#ifndef pthread_create
  return ((int*)(&pthread_create))[argc];
#else
  (void)argc;
  return 0;
#endif
}

Determining if the function pthread_create exists in the pthreads failed with the following output:
Change Dir: /home/nvidia/racecar-ws/build/CMakeFiles/CMakeTmp

Run Build Command:"/usr/bin/make" "cmTC_79531/fast"
/usr/bin/make -f CMakeFiles/cmTC_79531.dir/build.make CMakeFiles/cmTC_79531.dir/build
make[1]: Entering directory '/home/nvidia/racecar-ws/build/CMakeFiles/CMakeTmp'
Building C object CMakeFiles/cmTC_79531.dir/CheckFunctionExists.c.o
/usr/bin/cc    -DCHECK_FUNCTION_EXISTS=pthread_create   -o CMakeFiles/cmTC_79531.dir/CheckFunctionExists.c.o   -c /usr/share/cmake-3.5/Modules/CheckFunctionExists.c
Linking C executable cmTC_79531
/usr/bin/cmake -E cmake_link_script CMakeFiles/cmTC_79531.dir/link.txt --verbose=1
/usr/bin/cc   -DCHECK_FUNCTION_EXISTS=pthread_create    CMakeFiles/cmTC_79531.dir/CheckFunctionExists.c.o  -o cmTC_79531 -rdynamic -lpthreads 
/usr/bin/ld: cannot find -lpthreads
collect2: error: ld returned 1 exit status
CMakeFiles/cmTC_79531.dir/build.make:97: recipe for target 'cmTC_79531' failed
make[1]: *** [cmTC_79531] Error 1
make[1]: Leaving directory '/home/nvidia/racecar-ws/build/CMakeFiles/CMakeTmp'
Makefile:126: recipe for target 'cmTC_79531/fast' failed
make: *** [cmTC_79531/fast] Error 2


Determining if the Q_WS_WIN exist failed with the following output:
Change Dir: /home/nvidia/racecar-ws/build/CMakeFiles/CMakeTmp

Run Build Command:"/usr/bin/make" "cmTC_3880b/fast"
/usr/bin/make -f CMakeFiles/cmTC_3880b.dir/build.make CMakeFiles/cmTC_3880b.dir/build
make[1]: Entering directory '/home/nvidia/racecar-ws/build/CMakeFiles/CMakeTmp'
Building CXX object CMakeFiles/cmTC_3880b.dir/CheckSymbolExists.cxx.o
/usr/bin/c++    -I/usr/include/qt4   -o CMakeFiles/cmTC_3880b.dir/CheckSymbolExists.cxx.o -c /home/nvidia/racecar-ws/build/CMakeFiles/CMakeTmp/CheckSymbolExists.cxx
/home/nvidia/racecar-ws/build/CMakeFiles/CMakeTmp/CheckSymbolExists.cxx: In function ‘int main(int, char**)’:
/home/nvidia/racecar-ws/build/CMakeFiles/CMakeTmp/CheckSymbolExists.cxx:8:19: error: ‘Q_WS_WIN’ was not declared in this scope
   return ((int*)(&Q_WS_WIN))[argc];
                   ^
CMakeFiles/cmTC_3880b.dir/build.make:65: recipe for target 'CMakeFiles/cmTC_3880b.dir/CheckSymbolExists.cxx.o' failed
make[1]: *** [CMakeFiles/cmTC_3880b.dir/CheckSymbolExists.cxx.o] Error 1
make[1]: Leaving directory '/home/nvidia/racecar-ws/build/CMakeFiles/CMakeTmp'
Makefile:126: recipe for target 'cmTC_3880b/fast' failed
make: *** [cmTC_3880b/fast] Error 2

File /home/nvidia/racecar-ws/build/CMakeFiles/CMakeTmp/CheckSymbolExists.cxx:
/* */
#include <QtCore/qglobal.h>

int main(int argc, char** argv)
{
  (void)argv;
#ifndef Q_WS_WIN
  return ((int*)(&Q_WS_WIN))[argc];
#else
  (void)argc;
  return 0;
#endif
}

Determining if the Q_WS_QWS exist failed with the following output:
Change Dir: /home/nvidia/racecar-ws/build/CMakeFiles/CMakeTmp

Run Build Command:"/usr/bin/make" "cmTC_f1008/fast"
/usr/bin/make -f CMakeFiles/cmTC_f1008.dir/build.make CMakeFiles/cmTC_f1008.dir/build
make[1]: Entering directory '/home/nvidia/racecar-ws/build/CMakeFiles/CMakeTmp'
Building CXX object CMakeFiles/cmTC_f1008.dir/CheckSymbolExists.cxx.o
/usr/bin/c++    -I/usr/include/qt4   -o CMakeFiles/cmTC_f1008.dir/CheckSymbolExists.cxx.o -c /home/nvidia/racecar-ws/build/CMakeFiles/CMakeTmp/CheckSymbolExists.cxx
/home/nvidia/racecar-ws/build/CMakeFiles/CMakeTmp/CheckSymbolExists.cxx: In function ‘int main(int, char**)’:
/home/nvidia/racecar-ws/build/CMakeFiles/CMakeTmp/CheckSymbolExists.cxx:8:19: error: ‘Q_WS_QWS’ was not declared in this scope
   return ((int*)(&Q_WS_QWS))[argc];
                   ^
CMakeFiles/cmTC_f1008.dir/build.make:65: recipe for target 'CMakeFiles/cmTC_f1008.dir/CheckSymbolExists.cxx.o' failed
make[1]: *** [CMakeFiles/cmTC_f1008.dir/CheckSymbolExists.cxx.o] Error 1
make[1]: Leaving directory '/home/nvidia/racecar-ws/build/CMakeFiles/CMakeTmp'
Makefile:126: recipe for target 'cmTC_f1008/fast' failed
make: *** [cmTC_f1008/fast] Error 2

File /home/nvidia/racecar-ws/build/CMakeFiles/CMakeTmp/CheckSymbolExists.cxx:
/* */
#include <QtCore/qglobal.h>

int main(int argc, char** argv)
{
  (void)argv;
#ifndef Q_WS_QWS
  return ((int*)(&Q_WS_QWS))[argc];
#else
  (void)argc;
  return 0;
#endif
}

Determining if the Q_WS_MAC exist failed with the following output:
Change Dir: /home/nvidia/racecar-ws/build/CMakeFiles/CMakeTmp

Run Build Command:"/usr/bin/make" "cmTC_cb82f/fast"
/usr/bin/make -f CMakeFiles/cmTC_cb82f.dir/build.make CMakeFiles/cmTC_cb82f.dir/build
make[1]: Entering directory '/home/nvidia/racecar-ws/build/CMakeFiles/CMakeTmp'
Building CXX object CMakeFiles/cmTC_cb82f.dir/CheckSymbolExists.cxx.o
/usr/bin/c++    -I/usr/include/qt4   -o CMakeFiles/cmTC_cb82f.dir/CheckSymbolExists.cxx.o -c /home/nvidia/racecar-ws/build/CMakeFiles/CMakeTmp/CheckSymbolExists.cxx
/home/nvidia/racecar-ws/build/CMakeFiles/CMakeTmp/CheckSymbolExists.cxx: In function ‘int main(int, char**)’:
/home/nvidia/racecar-ws/build/CMakeFiles/CMakeTmp/CheckSymbolExists.cxx:8:19: error: ‘Q_WS_MAC’ was not declared in this scope
   return ((int*)(&Q_WS_MAC))[argc];
                   ^
CMakeFiles/cmTC_cb82f.dir/build.make:65: recipe for target 'CMakeFiles/cmTC_cb82f.dir/CheckSymbolExists.cxx.o' failed
make[1]: *** [CMakeFiles/cmTC_cb82f.dir/CheckSymbolExists.cxx.o] Error 1
make[1]: Leaving directory '/home/nvidia/racecar-ws/build/CMakeFiles/CMakeTmp'
Makefile:126: recipe for target 'cmTC_cb82f/fast' failed
make: *** [cmTC_cb82f/fast] Error 2

File /home/nvidia/racecar-ws/build/CMakeFiles/CMakeTmp/CheckSymbolExists.cxx:
/* */
#include <QtCore/qglobal.h>

int main(int argc, char** argv)
{
  (void)argv;
#ifndef Q_WS_MAC
  return ((int*)(&Q_WS_MAC))[argc];
#else
  (void)argc;
  return 0;
#endif
}

